2025-10-24 13:26:44,362 - app.utils.logger - INFO - Creating database at: C:\Users\kpecco\Desktop\codes\TESTING\data\catalog.db
2025-10-24 13:26:44,441 - app.utils.logger - INFO - Database setup complete at C:\Users\kpecco\Desktop\codes\TESTING\data\catalog.db
2025-10-24 13:26:44,442 - app.utils.logger - INFO - Data directories created at: C:\Users\kpecco\Desktop\codes\TESTING\data
2025-10-24 13:41:43,466 - app.utils.logger - INFO - Creating database at: C:\Users\kpecco\Desktop\codes\TESTING\data\catalog.db
2025-10-24 13:41:43,572 - app.utils.logger - INFO - Database setup complete at C:\Users\kpecco\Desktop\codes\TESTING\data\catalog.db
2025-10-24 13:41:43,574 - app.utils.logger - INFO - Data directories created at: C:\Users\kpecco\Desktop\codes\TESTING\data
2025-10-24 13:43:32,512 - app.utils.logger - INFO - Deleted existing database at C:\Users\kpecco\Desktop\codes\TESTING\data\catalog.db
2025-10-24 13:43:32,513 - app.utils.logger - INFO - Creating database at: C:\Users\kpecco\Desktop\codes\TESTING\data\catalog.db
2025-10-24 13:43:32,584 - app.utils.logger - INFO - Database setup complete at C:\Users\kpecco\Desktop\codes\TESTING\data\catalog.db
2025-10-24 13:43:32,585 - app.utils.logger - INFO - Data directories created at: C:\Users\kpecco\Desktop\codes\TESTING\data
2025-10-24 13:43:34,344 - app.utils.logger - INFO - Starting Knowledge Base API
2025-10-24 13:43:34,345 - app.utils.logger - INFO - Data directories are ready
2025-10-24 13:58:53,363 - app.utils.logger - INFO - Downloading PDFs to: app\data\pdfs
2025-10-24 13:58:54,302 - app.utils.logger - INFO - Downloaded: Dayton_Hydraulic_Brakes.pdf (1.2 MB)
2025-10-24 13:58:56,161 - app.utils.logger - INFO - Downloaded: Dana_Spicer.pdf (0.4 MB)
2025-10-24 13:59:17,219 - app.utils.logger - INFO - Downloaded: PAI_Drivetrain.pdf (21.3 MB)
2025-10-24 13:59:24,652 - app.utils.logger - INFO - Downloaded: FP_Cummins.pdf (8.7 MB)
2025-10-24 13:59:27,424 - app.utils.logger - INFO - Downloaded: FP_Caterpillar.pdf (4.3 MB)
2025-10-24 13:59:31,288 - app.utils.logger - INFO - Downloaded: FP_Detroit.pdf (18.5 MB)
2025-10-24 13:59:37,385 - app.utils.logger - INFO - Downloaded: FP_International.pdf (10.9 MB)
2025-10-24 14:00:00,078 - app.utils.logger - INFO - Downloaded: Nelson_Exhaust.pdf (5.2 MB)
2025-10-24 14:00:09,991 - app.utils.logger - INFO - Downloaded: FortPro_HeavyDuty.pdf (12.4 MB)
2025-10-24 14:00:16,606 - app.utils.logger - INFO - Downloaded: FortPro_Lighting.pdf (11.7 MB)
2025-10-24 14:00:20,040 - app.utils.logger - INFO - Downloaded: Velvac.pdf (14.5 MB)
2025-10-24 14:00:21,042 - app.utils.logger - INFO - Download completed: 11/11 PDFs downloaded
2025-10-24 14:30:43,694 - app.utils.logger - INFO - Starting batch PDF processing...
2025-10-24 14:30:43,696 - app.utils.logger - INFO - Found 11 PDF files to process
2025-10-24 14:30:43,698 - app.utils.logger - INFO - Processing catalog PDF: Dana_Spicer.pdf
2025-10-24 14:30:44,737 - app.utils.logger - INFO - Extracted 460 parts from Dana_Spicer
2025-10-24 14:30:53,285 - app.utils.logger - INFO - Successfully processed Dana_Spicer.pdf - extracted 460 parts
2025-10-24 14:30:53,286 - app.utils.logger - INFO - Processing catalog PDF: Dayton_Hydraulic_Brakes.pdf
2025-10-24 14:30:56,043 - app.utils.logger - INFO - Extracted 1042 parts from Dayton_Hydraulic_Brakes
2025-10-24 14:31:18,450 - app.utils.logger - INFO - Successfully processed Dayton_Hydraulic_Brakes.pdf - extracted 1042 parts
2025-10-24 14:31:18,451 - app.utils.logger - INFO - Processing catalog PDF: FortPro_HeavyDuty.pdf
2025-10-24 14:32:05,019 - app.utils.logger - WARNING - Error extracting image from page 153: code=4: pixmap must be grayscale or rgb to write as png
2025-10-24 14:32:05,024 - app.utils.logger - WARNING - Error extracting image from page 153: code=4: pixmap must be grayscale or rgb to write as png
2025-10-24 14:32:05,027 - app.utils.logger - WARNING - Error extracting image from page 153: code=4: pixmap must be grayscale or rgb to write as png
2025-10-24 14:32:05,029 - app.utils.logger - WARNING - Error extracting image from page 153: code=4: pixmap must be grayscale or rgb to write as png
2025-10-24 14:32:05,032 - app.utils.logger - WARNING - Error extracting image from page 153: code=4: pixmap must be grayscale or rgb to write as png
2025-10-24 14:32:05,034 - app.utils.logger - WARNING - Error extracting image from page 153: code=4: pixmap must be grayscale or rgb to write as png
2025-10-24 14:32:09,731 - app.utils.logger - INFO - Extracted 3518 parts from FortPro_HeavyDuty
2025-10-24 14:33:34,489 - app.utils.logger - INFO - Successfully processed FortPro_HeavyDuty.pdf - extracted 3518 parts
2025-10-24 14:33:34,490 - app.utils.logger - INFO - Processing catalog PDF: FortPro_Lighting.pdf
2025-10-24 14:33:56,761 - app.utils.logger - INFO - Extracted 1586 parts from FortPro_Lighting
2025-10-24 14:34:20,674 - app.utils.logger - INFO - Successfully processed FortPro_Lighting.pdf - extracted 1586 parts
2025-10-24 14:34:20,674 - app.utils.logger - INFO - Processing catalog PDF: FP_Caterpillar.pdf
2025-10-24 14:34:58,999 - app.utils.logger - WARNING - Error extracting image from page 3: code=4: pixmap must be grayscale or rgb to write as png
2025-10-24 14:34:59,009 - app.utils.logger - WARNING - Error extracting image from page 5: code=4: pixmap must be grayscale or rgb to write as png
2025-10-24 14:34:59,011 - app.utils.logger - WARNING - Error extracting image from page 6: code=4: pixmap must be grayscale or rgb to write as png
2025-10-24 14:34:59,012 - app.utils.logger - WARNING - Error extracting image from page 7: code=4: pixmap must be grayscale or rgb to write as png
2025-10-24 14:34:59,012 - app.utils.logger - WARNING - Error extracting image from page 8: code=4: pixmap must be grayscale or rgb to write as png
2025-10-24 14:34:59,013 - app.utils.logger - WARNING - Error extracting image from page 9: code=4: pixmap must be grayscale or rgb to write as png
2025-10-24 14:34:59,014 - app.utils.logger - WARNING - Error extracting image from page 10: code=4: pixmap must be grayscale or rgb to write as png
2025-10-24 14:34:59,015 - app.utils.logger - WARNING - Error extracting image from page 11: code=4: pixmap must be grayscale or rgb to write as png
2025-10-24 14:34:59,016 - app.utils.logger - WARNING - Error extracting image from page 12: code=4: pixmap must be grayscale or rgb to write as png
2025-10-24 14:34:59,018 - app.utils.logger - WARNING - Error extracting image from page 13: code=4: pixmap must be grayscale or rgb to write as png
2025-10-24 14:34:59,019 - app.utils.logger - WARNING - Error extracting image from page 14: code=4: pixmap must be grayscale or rgb to write as png
2025-10-24 14:34:59,020 - app.utils.logger - WARNING - Error extracting image from page 15: code=4: pixmap must be grayscale or rgb to write as png
2025-10-24 14:34:59,021 - app.utils.logger - WARNING - Error extracting image from page 16: code=4: pixmap must be grayscale or rgb to write as png
2025-10-24 14:34:59,021 - app.utils.logger - WARNING - Error extracting image from page 17: code=4: pixmap must be grayscale or rgb to write as png
2025-10-24 14:34:59,022 - app.utils.logger - WARNING - Error extracting image from page 18: code=4: pixmap must be grayscale or rgb to write as png
2025-10-24 14:34:59,022 - app.utils.logger - WARNING - Error extracting image from page 19: code=4: pixmap must be grayscale or rgb to write as png
2025-10-24 14:34:59,023 - app.utils.logger - WARNING - Error extracting image from page 20: code=4: pixmap must be grayscale or rgb to write as png
2025-10-24 14:34:59,024 - app.utils.logger - WARNING - Error extracting image from page 21: code=4: pixmap must be grayscale or rgb to write as png
2025-10-24 14:34:59,024 - app.utils.logger - WARNING - Error extracting image from page 22: code=4: pixmap must be grayscale or rgb to write as png
2025-10-24 14:34:59,025 - app.utils.logger - WARNING - Error extracting image from page 23: code=4: pixmap must be grayscale or rgb to write as png
2025-10-24 14:34:59,025 - app.utils.logger - WARNING - Error extracting image from page 24: code=4: pixmap must be grayscale or rgb to write as png
2025-10-24 14:34:59,026 - app.utils.logger - WARNING - Error extracting image from page 25: code=4: pixmap must be grayscale or rgb to write as png
2025-10-24 14:34:59,027 - app.utils.logger - WARNING - Error extracting image from page 26: code=4: pixmap must be grayscale or rgb to write as png
2025-10-24 14:34:59,028 - app.utils.logger - WARNING - Error extracting image from page 27: code=4: pixmap must be grayscale or rgb to write as png
2025-10-24 14:34:59,028 - app.utils.logger - WARNING - Error extracting image from page 28: code=4: pixmap must be grayscale or rgb to write as png
2025-10-24 14:34:59,029 - app.utils.logger - WARNING - Error extracting image from page 29: code=4: pixmap must be grayscale or rgb to write as png
2025-10-24 14:34:59,030 - app.utils.logger - WARNING - Error extracting image from page 30: code=4: pixmap must be grayscale or rgb to write as png
2025-10-24 14:34:59,031 - app.utils.logger - WARNING - Error extracting image from page 31: code=4: pixmap must be grayscale or rgb to write as png
2025-10-24 14:34:59,032 - app.utils.logger - WARNING - Error extracting image from page 32: code=4: pixmap must be grayscale or rgb to write as png
2025-10-24 14:34:59,032 - app.utils.logger - WARNING - Error extracting image from page 33: code=4: pixmap must be grayscale or rgb to write as png
2025-10-24 14:34:59,033 - app.utils.logger - WARNING - Error extracting image from page 34: code=4: pixmap must be grayscale or rgb to write as png
2025-10-24 14:34:59,034 - app.utils.logger - WARNING - Error extracting image from page 35: code=4: pixmap must be grayscale or rgb to write as png
2025-10-24 14:34:59,034 - app.utils.logger - WARNING - Error extracting image from page 36: code=4: pixmap must be grayscale or rgb to write as png
2025-10-24 14:34:59,035 - app.utils.logger - WARNING - Error extracting image from page 37: code=4: pixmap must be grayscale or rgb to write as png
2025-10-24 14:34:59,036 - app.utils.logger - WARNING - Error extracting image from page 38: code=4: pixmap must be grayscale or rgb to write as png
2025-10-24 14:34:59,037 - app.utils.logger - WARNING - Error extracting image from page 39: code=4: pixmap must be grayscale or rgb to write as png
2025-10-24 14:34:59,039 - app.utils.logger - WARNING - Error extracting image from page 40: code=4: pixmap must be grayscale or rgb to write as png
2025-10-24 14:34:59,041 - app.utils.logger - WARNING - Error extracting image from page 41: code=4: pixmap must be grayscale or rgb to write as png
2025-10-24 14:34:59,042 - app.utils.logger - WARNING - Error extracting image from page 42: code=4: pixmap must be grayscale or rgb to write as png
2025-10-24 14:34:59,043 - app.utils.logger - WARNING - Error extracting image from page 43: code=4: pixmap must be grayscale or rgb to write as png
2025-10-24 14:34:59,044 - app.utils.logger - WARNING - Error extracting image from page 44: code=4: pixmap must be grayscale or rgb to write as png
2025-10-24 14:34:59,045 - app.utils.logger - WARNING - Error extracting image from page 45: code=4: pixmap must be grayscale or rgb to write as png
2025-10-24 14:34:59,046 - app.utils.logger - WARNING - Error extracting image from page 46: code=4: pixmap must be grayscale or rgb to write as png
2025-10-24 14:34:59,046 - app.utils.logger - WARNING - Error extracting image from page 47: code=4: pixmap must be grayscale or rgb to write as png
2025-10-24 14:34:59,047 - app.utils.logger - WARNING - Error extracting image from page 48: code=4: pixmap must be grayscale or rgb to write as png
2025-10-24 14:34:59,048 - app.utils.logger - WARNING - Error extracting image from page 49: code=4: pixmap must be grayscale or rgb to write as png
2025-10-24 14:34:59,049 - app.utils.logger - WARNING - Error extracting image from page 50: code=4: pixmap must be grayscale or rgb to write as png
2025-10-24 14:34:59,049 - app.utils.logger - WARNING - Error extracting image from page 51: code=4: pixmap must be grayscale or rgb to write as png
2025-10-24 14:34:59,050 - app.utils.logger - WARNING - Error extracting image from page 52: code=4: pixmap must be grayscale or rgb to write as png
2025-10-24 14:34:59,051 - app.utils.logger - WARNING - Error extracting image from page 53: code=4: pixmap must be grayscale or rgb to write as png
2025-10-24 14:34:59,052 - app.utils.logger - WARNING - Error extracting image from page 54: code=4: pixmap must be grayscale or rgb to write as png
2025-10-24 14:34:59,052 - app.utils.logger - WARNING - Error extracting image from page 55: code=4: pixmap must be grayscale or rgb to write as png
2025-10-24 14:34:59,053 - app.utils.logger - WARNING - Error extracting image from page 56: code=4: pixmap must be grayscale or rgb to write as png
2025-10-24 14:34:59,053 - app.utils.logger - WARNING - Error extracting image from page 57: code=4: pixmap must be grayscale or rgb to write as png
2025-10-24 14:34:59,054 - app.utils.logger - WARNING - Error extracting image from page 58: code=4: pixmap must be grayscale or rgb to write as png
2025-10-24 14:34:59,054 - app.utils.logger - WARNING - Error extracting image from page 59: code=4: pixmap must be grayscale or rgb to write as png
2025-10-24 14:34:59,055 - app.utils.logger - WARNING - Error extracting image from page 60: code=4: pixmap must be grayscale or rgb to write as png
2025-10-24 14:34:59,056 - app.utils.logger - WARNING - Error extracting image from page 61: code=4: pixmap must be grayscale or rgb to write as png
2025-10-24 14:34:59,056 - app.utils.logger - WARNING - Error extracting image from page 62: code=4: pixmap must be grayscale or rgb to write as png
2025-10-24 14:34:59,057 - app.utils.logger - WARNING - Error extracting image from page 63: code=4: pixmap must be grayscale or rgb to write as png
2025-10-24 14:34:59,058 - app.utils.logger - WARNING - Error extracting image from page 64: code=4: pixmap must be grayscale or rgb to write as png
2025-10-24 14:34:59,058 - app.utils.logger - WARNING - Error extracting image from page 65: code=4: pixmap must be grayscale or rgb to write as png
2025-10-24 14:34:59,059 - app.utils.logger - WARNING - Error extracting image from page 66: code=4: pixmap must be grayscale or rgb to write as png
2025-10-24 14:34:59,059 - app.utils.logger - WARNING - Error extracting image from page 67: code=4: pixmap must be grayscale or rgb to write as png
2025-10-24 14:34:59,060 - app.utils.logger - WARNING - Error extracting image from page 68: code=4: pixmap must be grayscale or rgb to write as png
2025-10-24 14:34:59,061 - app.utils.logger - WARNING - Error extracting image from page 69: code=4: pixmap must be grayscale or rgb to write as png
2025-10-24 14:34:59,062 - app.utils.logger - WARNING - Error extracting image from page 70: code=4: pixmap must be grayscale or rgb to write as png
2025-10-24 14:34:59,062 - app.utils.logger - WARNING - Error extracting image from page 71: code=4: pixmap must be grayscale or rgb to write as png
2025-10-24 14:34:59,063 - app.utils.logger - WARNING - Error extracting image from page 72: code=4: pixmap must be grayscale or rgb to write as png
2025-10-24 14:34:59,063 - app.utils.logger - WARNING - Error extracting image from page 73: code=4: pixmap must be grayscale or rgb to write as png
2025-10-24 14:34:59,064 - app.utils.logger - WARNING - Error extracting image from page 74: code=4: pixmap must be grayscale or rgb to write as png
2025-10-24 14:34:59,065 - app.utils.logger - WARNING - Error extracting image from page 75: code=4: pixmap must be grayscale or rgb to write as png
2025-10-24 14:34:59,065 - app.utils.logger - WARNING - Error extracting image from page 76: code=4: pixmap must be grayscale or rgb to write as png
2025-10-24 14:34:59,066 - app.utils.logger - WARNING - Error extracting image from page 77: code=4: pixmap must be grayscale or rgb to write as png
2025-10-24 14:34:59,066 - app.utils.logger - WARNING - Error extracting image from page 78: code=4: pixmap must be grayscale or rgb to write as png
2025-10-24 14:34:59,067 - app.utils.logger - WARNING - Error extracting image from page 79: code=4: pixmap must be grayscale or rgb to write as png
2025-10-24 14:34:59,067 - app.utils.logger - WARNING - Error extracting image from page 80: code=4: pixmap must be grayscale or rgb to write as png
2025-10-24 14:34:59,067 - app.utils.logger - WARNING - Error extracting image from page 81: code=4: pixmap must be grayscale or rgb to write as png
2025-10-24 14:34:59,068 - app.utils.logger - WARNING - Error extracting image from page 82: code=4: pixmap must be grayscale or rgb to write as png
2025-10-24 14:34:59,068 - app.utils.logger - WARNING - Error extracting image from page 83: code=4: pixmap must be grayscale or rgb to write as png
2025-10-24 14:34:59,068 - app.utils.logger - WARNING - Error extracting image from page 84: code=4: pixmap must be grayscale or rgb to write as png
2025-10-24 14:34:59,069 - app.utils.logger - WARNING - Error extracting image from page 85: code=4: pixmap must be grayscale or rgb to write as png
2025-10-24 14:34:59,069 - app.utils.logger - WARNING - Error extracting image from page 86: code=4: pixmap must be grayscale or rgb to write as png
2025-10-24 14:34:59,069 - app.utils.logger - WARNING - Error extracting image from page 87: code=4: pixmap must be grayscale or rgb to write as png
2025-10-24 14:34:59,070 - app.utils.logger - WARNING - Error extracting image from page 88: code=4: pixmap must be grayscale or rgb to write as png
2025-10-24 14:34:59,070 - app.utils.logger - WARNING - Error extracting image from page 89: code=4: pixmap must be grayscale or rgb to write as png
2025-10-24 14:34:59,078 - app.utils.logger - WARNING - Error extracting image from page 91: code=4: pixmap must be grayscale or rgb to write as png
2025-10-24 14:34:59,082 - app.utils.logger - WARNING - Error extracting image from page 93: code=4: pixmap must be grayscale or rgb to write as png
2025-10-24 14:34:59,083 - app.utils.logger - WARNING - Error extracting image from page 94: code=4: pixmap must be grayscale or rgb to write as png
2025-10-24 14:34:59,083 - app.utils.logger - WARNING - Error extracting image from page 95: code=4: pixmap must be grayscale or rgb to write as png
2025-10-24 14:34:59,084 - app.utils.logger - WARNING - Error extracting image from page 96: code=4: pixmap must be grayscale or rgb to write as png
2025-10-24 14:34:59,084 - app.utils.logger - WARNING - Error extracting image from page 97: code=4: pixmap must be grayscale or rgb to write as png
2025-10-24 14:34:59,084 - app.utils.logger - WARNING - Error extracting image from page 98: code=4: pixmap must be grayscale or rgb to write as png
2025-10-24 14:34:59,085 - app.utils.logger - WARNING - Error extracting image from page 99: code=4: pixmap must be grayscale or rgb to write as png
2025-10-24 14:34:59,085 - app.utils.logger - WARNING - Error extracting image from page 100: code=4: pixmap must be grayscale or rgb to write as png
2025-10-24 14:34:59,086 - app.utils.logger - WARNING - Error extracting image from page 101: code=4: pixmap must be grayscale or rgb to write as png
2025-10-24 14:34:59,086 - app.utils.logger - WARNING - Error extracting image from page 102: code=4: pixmap must be grayscale or rgb to write as png
2025-10-24 14:34:59,087 - app.utils.logger - WARNING - Error extracting image from page 103: code=4: pixmap must be grayscale or rgb to write as png
2025-10-24 14:34:59,087 - app.utils.logger - WARNING - Error extracting image from page 104: code=4: pixmap must be grayscale or rgb to write as png
2025-10-24 14:34:59,088 - app.utils.logger - WARNING - Error extracting image from page 105: code=4: pixmap must be grayscale or rgb to write as png
2025-10-24 14:34:59,088 - app.utils.logger - WARNING - Error extracting image from page 106: code=4: pixmap must be grayscale or rgb to write as png
2025-10-24 14:34:59,089 - app.utils.logger - WARNING - Error extracting image from page 107: code=4: pixmap must be grayscale or rgb to write as png
2025-10-24 14:34:59,090 - app.utils.logger - WARNING - Error extracting image from page 108: code=4: pixmap must be grayscale or rgb to write as png
2025-10-24 14:34:59,091 - app.utils.logger - WARNING - Error extracting image from page 109: code=4: pixmap must be grayscale or rgb to write as png
2025-10-24 14:34:59,091 - app.utils.logger - WARNING - Error extracting image from page 110: code=4: pixmap must be grayscale or rgb to write as png
2025-10-24 14:34:59,092 - app.utils.logger - WARNING - Error extracting image from page 111: code=4: pixmap must be grayscale or rgb to write as png
2025-10-24 14:34:59,092 - app.utils.logger - WARNING - Error extracting image from page 112: code=4: pixmap must be grayscale or rgb to write as png
2025-10-24 14:34:59,093 - app.utils.logger - WARNING - Error extracting image from page 113: code=4: pixmap must be grayscale or rgb to write as png
2025-10-24 14:34:59,093 - app.utils.logger - WARNING - Error extracting image from page 114: code=4: pixmap must be grayscale or rgb to write as png
2025-10-24 14:34:59,094 - app.utils.logger - WARNING - Error extracting image from page 115: code=4: pixmap must be grayscale or rgb to write as png
2025-10-24 14:34:59,095 - app.utils.logger - WARNING - Error extracting image from page 116: code=4: pixmap must be grayscale or rgb to write as png
2025-10-24 14:34:59,095 - app.utils.logger - WARNING - Error extracting image from page 117: code=4: pixmap must be grayscale or rgb to write as png
2025-10-24 14:34:59,096 - app.utils.logger - WARNING - Error extracting image from page 118: code=4: pixmap must be grayscale or rgb to write as png
2025-10-24 14:34:59,097 - app.utils.logger - WARNING - Error extracting image from page 119: code=4: pixmap must be grayscale or rgb to write as png
2025-10-24 14:34:59,097 - app.utils.logger - WARNING - Error extracting image from page 120: code=4: pixmap must be grayscale or rgb to write as png
2025-10-24 14:34:59,098 - app.utils.logger - WARNING - Error extracting image from page 121: code=4: pixmap must be grayscale or rgb to write as png
2025-10-24 14:34:59,099 - app.utils.logger - WARNING - Error extracting image from page 122: code=4: pixmap must be grayscale or rgb to write as png
2025-10-24 14:34:59,100 - app.utils.logger - WARNING - Error extracting image from page 123: code=4: pixmap must be grayscale or rgb to write as png
2025-10-24 14:34:59,100 - app.utils.logger - WARNING - Error extracting image from page 124: code=4: pixmap must be grayscale or rgb to write as png
2025-10-24 14:34:59,100 - app.utils.logger - WARNING - Error extracting image from page 125: code=4: pixmap must be grayscale or rgb to write as png
2025-10-24 14:34:59,101 - app.utils.logger - WARNING - Error extracting image from page 126: code=4: pixmap must be grayscale or rgb to write as png
2025-10-24 14:34:59,101 - app.utils.logger - WARNING - Error extracting image from page 127: code=4: pixmap must be grayscale or rgb to write as png
2025-10-24 14:34:59,102 - app.utils.logger - WARNING - Error extracting image from page 128: code=4: pixmap must be grayscale or rgb to write as png
2025-10-24 14:34:59,102 - app.utils.logger - WARNING - Error extracting image from page 129: code=4: pixmap must be grayscale or rgb to write as png
2025-10-24 14:34:59,103 - app.utils.logger - WARNING - Error extracting image from page 130: code=4: pixmap must be grayscale or rgb to write as png
2025-10-24 14:34:59,103 - app.utils.logger - WARNING - Error extracting image from page 131: code=4: pixmap must be grayscale or rgb to write as png
2025-10-24 14:34:59,104 - app.utils.logger - WARNING - Error extracting image from page 132: code=4: pixmap must be grayscale or rgb to write as png
2025-10-24 14:34:59,104 - app.utils.logger - WARNING - Error extracting image from page 133: code=4: pixmap must be grayscale or rgb to write as png
2025-10-24 14:34:59,105 - app.utils.logger - WARNING - Error extracting image from page 134: code=4: pixmap must be grayscale or rgb to write as png
2025-10-24 14:34:59,105 - app.utils.logger - WARNING - Error extracting image from page 135: code=4: pixmap must be grayscale or rgb to write as png
2025-10-24 14:34:59,106 - app.utils.logger - WARNING - Error extracting image from page 136: code=4: pixmap must be grayscale or rgb to write as png
2025-10-24 14:34:59,106 - app.utils.logger - WARNING - Error extracting image from page 137: code=4: pixmap must be grayscale or rgb to write as png
2025-10-24 14:34:59,107 - app.utils.logger - WARNING - Error extracting image from page 138: code=4: pixmap must be grayscale or rgb to write as png
2025-10-24 14:34:59,108 - app.utils.logger - WARNING - Error extracting image from page 139: code=4: pixmap must be grayscale or rgb to write as png
2025-10-24 14:34:59,108 - app.utils.logger - WARNING - Error extracting image from page 140: code=4: pixmap must be grayscale or rgb to write as png
2025-10-24 14:34:59,108 - app.utils.logger - WARNING - Error extracting image from page 141: code=4: pixmap must be grayscale or rgb to write as png
2025-10-24 14:34:59,109 - app.utils.logger - WARNING - Error extracting image from page 142: code=4: pixmap must be grayscale or rgb to write as png
2025-10-24 14:34:59,109 - app.utils.logger - WARNING - Error extracting image from page 143: code=4: pixmap must be grayscale or rgb to write as png
2025-10-24 14:34:59,110 - app.utils.logger - WARNING - Error extracting image from page 144: code=4: pixmap must be grayscale or rgb to write as png
2025-10-24 14:34:59,111 - app.utils.logger - WARNING - Error extracting image from page 145: code=4: pixmap must be grayscale or rgb to write as png
2025-10-24 14:34:59,112 - app.utils.logger - WARNING - Error extracting image from page 146: code=4: pixmap must be grayscale or rgb to write as png
2025-10-24 14:34:59,112 - app.utils.logger - WARNING - Error extracting image from page 147: code=4: pixmap must be grayscale or rgb to write as png
2025-10-24 14:34:59,113 - app.utils.logger - WARNING - Error extracting image from page 148: code=4: pixmap must be grayscale or rgb to write as png
2025-10-24 14:34:59,114 - app.utils.logger - WARNING - Error extracting image from page 149: code=4: pixmap must be grayscale or rgb to write as png
2025-10-24 14:34:59,114 - app.utils.logger - WARNING - Error extracting image from page 150: code=4: pixmap must be grayscale or rgb to write as png
2025-10-24 14:34:59,115 - app.utils.logger - WARNING - Error extracting image from page 151: code=4: pixmap must be grayscale or rgb to write as png
2025-10-24 14:34:59,115 - app.utils.logger - WARNING - Error extracting image from page 152: code=4: pixmap must be grayscale or rgb to write as png
2025-10-24 14:34:59,116 - app.utils.logger - WARNING - Error extracting image from page 153: code=4: pixmap must be grayscale or rgb to write as png
2025-10-24 14:34:59,116 - app.utils.logger - WARNING - Error extracting image from page 154: code=4: pixmap must be grayscale or rgb to write as png
2025-10-24 14:34:59,117 - app.utils.logger - WARNING - Error extracting image from page 155: code=4: pixmap must be grayscale or rgb to write as png
2025-10-24 14:34:59,117 - app.utils.logger - WARNING - Error extracting image from page 156: code=4: pixmap must be grayscale or rgb to write as png
2025-10-24 14:34:59,118 - app.utils.logger - WARNING - Error extracting image from page 157: code=4: pixmap must be grayscale or rgb to write as png
2025-10-24 14:34:59,120 - app.utils.logger - WARNING - Error extracting image from page 158: code=4: pixmap must be grayscale or rgb to write as png
2025-10-24 14:34:59,121 - app.utils.logger - WARNING - Error extracting image from page 159: code=4: pixmap must be grayscale or rgb to write as png
2025-10-24 14:34:59,121 - app.utils.logger - WARNING - Error extracting image from page 160: code=4: pixmap must be grayscale or rgb to write as png
2025-10-24 14:34:59,122 - app.utils.logger - WARNING - Error extracting image from page 161: code=4: pixmap must be grayscale or rgb to write as png
2025-10-24 14:34:59,123 - app.utils.logger - WARNING - Error extracting image from page 162: code=4: pixmap must be grayscale or rgb to write as png
2025-10-24 14:34:59,123 - app.utils.logger - WARNING - Error extracting image from page 163: code=4: pixmap must be grayscale or rgb to write as png
2025-10-24 14:34:59,124 - app.utils.logger - WARNING - Error extracting image from page 164: code=4: pixmap must be grayscale or rgb to write as png
2025-10-24 14:34:59,125 - app.utils.logger - WARNING - Error extracting image from page 165: code=4: pixmap must be grayscale or rgb to write as png
2025-10-24 14:34:59,125 - app.utils.logger - WARNING - Error extracting image from page 166: code=4: pixmap must be grayscale or rgb to write as png
2025-10-24 14:34:59,126 - app.utils.logger - WARNING - Error extracting image from page 167: code=4: pixmap must be grayscale or rgb to write as png
2025-10-24 14:34:59,126 - app.utils.logger - WARNING - Error extracting image from page 168: code=4: pixmap must be grayscale or rgb to write as png
2025-10-24 14:34:59,127 - app.utils.logger - WARNING - Error extracting image from page 169: code=4: pixmap must be grayscale or rgb to write as png
2025-10-24 14:34:59,128 - app.utils.logger - WARNING - Error extracting image from page 170: code=4: pixmap must be grayscale or rgb to write as png
2025-10-24 14:34:59,128 - app.utils.logger - WARNING - Error extracting image from page 171: code=4: pixmap must be grayscale or rgb to write as png
2025-10-24 14:34:59,129 - app.utils.logger - WARNING - Error extracting image from page 172: code=4: pixmap must be grayscale or rgb to write as png
2025-10-24 14:34:59,130 - app.utils.logger - WARNING - Error extracting image from page 173: code=4: pixmap must be grayscale or rgb to write as png
2025-10-24 14:34:59,130 - app.utils.logger - WARNING - Error extracting image from page 174: code=4: pixmap must be grayscale or rgb to write as png
2025-10-24 14:34:59,131 - app.utils.logger - WARNING - Error extracting image from page 175: code=4: pixmap must be grayscale or rgb to write as png
2025-10-24 14:34:59,132 - app.utils.logger - WARNING - Error extracting image from page 176: code=4: pixmap must be grayscale or rgb to write as png
2025-10-24 14:34:59,133 - app.utils.logger - WARNING - Error extracting image from page 177: code=4: pixmap must be grayscale or rgb to write as png
2025-10-24 14:34:59,133 - app.utils.logger - WARNING - Error extracting image from page 178: code=4: pixmap must be grayscale or rgb to write as png
2025-10-24 14:34:59,134 - app.utils.logger - WARNING - Error extracting image from page 179: code=4: pixmap must be grayscale or rgb to write as png
2025-10-24 14:34:59,134 - app.utils.logger - WARNING - Error extracting image from page 180: code=4: pixmap must be grayscale or rgb to write as png
2025-10-24 14:34:59,135 - app.utils.logger - WARNING - Error extracting image from page 181: code=4: pixmap must be grayscale or rgb to write as png
2025-10-24 14:34:59,135 - app.utils.logger - WARNING - Error extracting image from page 182: code=4: pixmap must be grayscale or rgb to write as png
2025-10-24 14:34:59,135 - app.utils.logger - WARNING - Error extracting image from page 183: code=4: pixmap must be grayscale or rgb to write as png
2025-10-24 14:34:59,136 - app.utils.logger - WARNING - Error extracting image from page 184: code=4: pixmap must be grayscale or rgb to write as png
2025-10-24 14:34:59,137 - app.utils.logger - WARNING - Error extracting image from page 185: code=4: pixmap must be grayscale or rgb to write as png
2025-10-24 14:34:59,137 - app.utils.logger - WARNING - Error extracting image from page 186: code=4: pixmap must be grayscale or rgb to write as png
2025-10-24 14:34:59,138 - app.utils.logger - WARNING - Error extracting image from page 187: code=4: pixmap must be grayscale or rgb to write as png
2025-10-24 14:34:59,138 - app.utils.logger - WARNING - Error extracting image from page 188: code=4: pixmap must be grayscale or rgb to write as png
2025-10-24 14:34:59,138 - app.utils.logger - WARNING - Error extracting image from page 189: code=4: pixmap must be grayscale or rgb to write as png
2025-10-24 14:34:59,139 - app.utils.logger - WARNING - Error extracting image from page 190: code=4: pixmap must be grayscale or rgb to write as png
2025-10-24 14:34:59,140 - app.utils.logger - WARNING - Error extracting image from page 191: code=4: pixmap must be grayscale or rgb to write as png
2025-10-24 14:34:59,140 - app.utils.logger - WARNING - Error extracting image from page 192: code=4: pixmap must be grayscale or rgb to write as png
2025-10-24 14:34:59,141 - app.utils.logger - WARNING - Error extracting image from page 193: code=4: pixmap must be grayscale or rgb to write as png
2025-10-24 14:34:59,142 - app.utils.logger - WARNING - Error extracting image from page 194: code=4: pixmap must be grayscale or rgb to write as png
2025-10-24 14:34:59,142 - app.utils.logger - WARNING - Error extracting image from page 195: code=4: pixmap must be grayscale or rgb to write as png
2025-10-24 14:34:59,143 - app.utils.logger - WARNING - Error extracting image from page 196: code=4: pixmap must be grayscale or rgb to write as png
2025-10-24 14:34:59,144 - app.utils.logger - WARNING - Error extracting image from page 197: code=4: pixmap must be grayscale or rgb to write as png
2025-10-24 14:34:59,144 - app.utils.logger - WARNING - Error extracting image from page 198: code=4: pixmap must be grayscale or rgb to write as png
2025-10-24 14:34:59,145 - app.utils.logger - WARNING - Error extracting image from page 199: code=4: pixmap must be grayscale or rgb to write as png
2025-10-24 14:34:59,146 - app.utils.logger - WARNING - Error extracting image from page 200: code=4: pixmap must be grayscale or rgb to write as png
2025-10-24 14:34:59,147 - app.utils.logger - WARNING - Error extracting image from page 201: code=4: pixmap must be grayscale or rgb to write as png
2025-10-24 14:34:59,148 - app.utils.logger - WARNING - Error extracting image from page 202: code=4: pixmap must be grayscale or rgb to write as png
2025-10-24 14:34:59,148 - app.utils.logger - WARNING - Error extracting image from page 203: code=4: pixmap must be grayscale or rgb to write as png
2025-10-24 14:34:59,149 - app.utils.logger - WARNING - Error extracting image from page 204: code=4: pixmap must be grayscale or rgb to write as png
2025-10-24 14:34:59,150 - app.utils.logger - WARNING - Error extracting image from page 205: code=4: pixmap must be grayscale or rgb to write as png
2025-10-24 14:34:59,150 - app.utils.logger - WARNING - Error extracting image from page 206: code=4: pixmap must be grayscale or rgb to write as png
2025-10-24 14:34:59,151 - app.utils.logger - WARNING - Error extracting image from page 207: code=4: pixmap must be grayscale or rgb to write as png
2025-10-24 14:34:59,151 - app.utils.logger - WARNING - Error extracting image from page 208: code=4: pixmap must be grayscale or rgb to write as png
2025-10-24 14:34:59,152 - app.utils.logger - WARNING - Error extracting image from page 209: code=4: pixmap must be grayscale or rgb to write as png
2025-10-24 14:34:59,152 - app.utils.logger - WARNING - Error extracting image from page 210: code=4: pixmap must be grayscale or rgb to write as png
2025-10-24 14:34:59,153 - app.utils.logger - WARNING - Error extracting image from page 211: code=4: pixmap must be grayscale or rgb to write as png
2025-10-24 14:34:59,153 - app.utils.logger - WARNING - Error extracting image from page 212: code=4: pixmap must be grayscale or rgb to write as png
2025-10-24 14:34:59,153 - app.utils.logger - WARNING - Error extracting image from page 213: code=4: pixmap must be grayscale or rgb to write as png
2025-10-24 14:34:59,154 - app.utils.logger - WARNING - Error extracting image from page 214: code=4: pixmap must be grayscale or rgb to write as png
2025-10-24 14:34:59,154 - app.utils.logger - WARNING - Error extracting image from page 215: code=4: pixmap must be grayscale or rgb to write as png
2025-10-24 14:34:59,155 - app.utils.logger - WARNING - Error extracting image from page 216: code=4: pixmap must be grayscale or rgb to write as png
2025-10-24 14:34:59,155 - app.utils.logger - WARNING - Error extracting image from page 217: code=4: pixmap must be grayscale or rgb to write as png
2025-10-24 14:34:59,156 - app.utils.logger - WARNING - Error extracting image from page 218: code=4: pixmap must be grayscale or rgb to write as png
2025-10-24 14:34:59,156 - app.utils.logger - WARNING - Error extracting image from page 219: code=4: pixmap must be grayscale or rgb to write as png
2025-10-24 14:34:59,157 - app.utils.logger - WARNING - Error extracting image from page 220: code=4: pixmap must be grayscale or rgb to write as png
2025-10-24 14:34:59,158 - app.utils.logger - WARNING - Error extracting image from page 221: code=4: pixmap must be grayscale or rgb to write as png
2025-10-24 14:34:59,158 - app.utils.logger - WARNING - Error extracting image from page 222: code=4: pixmap must be grayscale or rgb to write as png
2025-10-24 14:34:59,159 - app.utils.logger - WARNING - Error extracting image from page 223: code=4: pixmap must be grayscale or rgb to write as png
2025-10-24 14:34:59,159 - app.utils.logger - WARNING - Error extracting image from page 224: code=4: pixmap must be grayscale or rgb to write as png
2025-10-24 14:34:59,159 - app.utils.logger - WARNING - Error extracting image from page 225: code=4: pixmap must be grayscale or rgb to write as png
2025-10-24 14:34:59,160 - app.utils.logger - WARNING - Error extracting image from page 226: code=4: pixmap must be grayscale or rgb to write as png
2025-10-24 14:34:59,160 - app.utils.logger - WARNING - Error extracting image from page 227: code=4: pixmap must be grayscale or rgb to write as png
2025-10-24 14:34:59,161 - app.utils.logger - WARNING - Error extracting image from page 228: code=4: pixmap must be grayscale or rgb to write as png
2025-10-24 14:34:59,162 - app.utils.logger - WARNING - Error extracting image from page 229: code=4: pixmap must be grayscale or rgb to write as png
2025-10-24 14:34:59,162 - app.utils.logger - WARNING - Error extracting image from page 230: code=4: pixmap must be grayscale or rgb to write as png
2025-10-24 14:34:59,163 - app.utils.logger - WARNING - Error extracting image from page 231: code=4: pixmap must be grayscale or rgb to write as png
2025-10-24 14:34:59,164 - app.utils.logger - WARNING - Error extracting image from page 232: code=4: pixmap must be grayscale or rgb to write as png
2025-10-24 14:34:59,164 - app.utils.logger - WARNING - Error extracting image from page 233: code=4: pixmap must be grayscale or rgb to write as png
2025-10-24 14:34:59,165 - app.utils.logger - WARNING - Error extracting image from page 234: code=4: pixmap must be grayscale or rgb to write as png
2025-10-24 14:34:59,165 - app.utils.logger - WARNING - Error extracting image from page 235: code=4: pixmap must be grayscale or rgb to write as png
2025-10-24 14:34:59,166 - app.utils.logger - WARNING - Error extracting image from page 236: code=4: pixmap must be grayscale or rgb to write as png
2025-10-24 14:34:59,166 - app.utils.logger - WARNING - Error extracting image from page 237: code=4: pixmap must be grayscale or rgb to write as png
2025-10-24 14:34:59,166 - app.utils.logger - WARNING - Error extracting image from page 238: code=4: pixmap must be grayscale or rgb to write as png
2025-10-24 14:34:59,167 - app.utils.logger - WARNING - Error extracting image from page 239: code=4: pixmap must be grayscale or rgb to write as png
2025-10-24 14:34:59,167 - app.utils.logger - WARNING - Error extracting image from page 240: code=4: pixmap must be grayscale or rgb to write as png
2025-10-24 14:34:59,168 - app.utils.logger - WARNING - Error extracting image from page 241: code=4: pixmap must be grayscale or rgb to write as png
2025-10-24 14:34:59,168 - app.utils.logger - WARNING - Error extracting image from page 242: code=4: pixmap must be grayscale or rgb to write as png
2025-10-24 14:34:59,168 - app.utils.logger - WARNING - Error extracting image from page 243: code=4: pixmap must be grayscale or rgb to write as png
2025-10-24 14:34:59,169 - app.utils.logger - WARNING - Error extracting image from page 244: code=4: pixmap must be grayscale or rgb to write as png
2025-10-24 14:34:59,169 - app.utils.logger - WARNING - Error extracting image from page 245: code=4: pixmap must be grayscale or rgb to write as png
2025-10-24 14:34:59,170 - app.utils.logger - WARNING - Error extracting image from page 246: code=4: pixmap must be grayscale or rgb to write as png
2025-10-24 14:34:59,170 - app.utils.logger - WARNING - Error extracting image from page 247: code=4: pixmap must be grayscale or rgb to write as png
2025-10-24 14:34:59,170 - app.utils.logger - WARNING - Error extracting image from page 248: code=4: pixmap must be grayscale or rgb to write as png
2025-10-24 14:34:59,171 - app.utils.logger - WARNING - Error extracting image from page 249: code=4: pixmap must be grayscale or rgb to write as png
2025-10-24 14:34:59,171 - app.utils.logger - WARNING - Error extracting image from page 250: code=4: pixmap must be grayscale or rgb to write as png
2025-10-24 14:34:59,171 - app.utils.logger - WARNING - Error extracting image from page 251: code=4: pixmap must be grayscale or rgb to write as png
2025-10-24 14:34:59,172 - app.utils.logger - WARNING - Error extracting image from page 252: code=4: pixmap must be grayscale or rgb to write as png
2025-10-24 14:34:59,172 - app.utils.logger - WARNING - Error extracting image from page 253: code=4: pixmap must be grayscale or rgb to write as png
2025-10-24 14:34:59,172 - app.utils.logger - WARNING - Error extracting image from page 254: code=4: pixmap must be grayscale or rgb to write as png
2025-10-24 14:34:59,173 - app.utils.logger - WARNING - Error extracting image from page 255: code=4: pixmap must be grayscale or rgb to write as png
2025-10-24 14:34:59,174 - app.utils.logger - WARNING - Error extracting image from page 256: code=4: pixmap must be grayscale or rgb to write as png
2025-10-24 14:34:59,174 - app.utils.logger - WARNING - Error extracting image from page 257: code=4: pixmap must be grayscale or rgb to write as png
2025-10-24 14:34:59,175 - app.utils.logger - WARNING - Error extracting image from page 258: code=4: pixmap must be grayscale or rgb to write as png
2025-10-24 14:34:59,175 - app.utils.logger - WARNING - Error extracting image from page 259: code=4: pixmap must be grayscale or rgb to write as png
2025-10-24 14:34:59,175 - app.utils.logger - WARNING - Error extracting image from page 260: code=4: pixmap must be grayscale or rgb to write as png
2025-10-24 14:34:59,176 - app.utils.logger - WARNING - Error extracting image from page 261: code=4: pixmap must be grayscale or rgb to write as png
2025-10-24 14:34:59,176 - app.utils.logger - WARNING - Error extracting image from page 262: code=4: pixmap must be grayscale or rgb to write as png
2025-10-24 14:34:59,176 - app.utils.logger - WARNING - Error extracting image from page 263: code=4: pixmap must be grayscale or rgb to write as png
2025-10-24 14:34:59,177 - app.utils.logger - WARNING - Error extracting image from page 264: code=4: pixmap must be grayscale or rgb to write as png
2025-10-24 14:34:59,178 - app.utils.logger - WARNING - Error extracting image from page 265: code=4: pixmap must be grayscale or rgb to write as png
2025-10-24 14:34:59,178 - app.utils.logger - WARNING - Error extracting image from page 266: code=4: pixmap must be grayscale or rgb to write as png
2025-10-24 14:34:59,179 - app.utils.logger - WARNING - Error extracting image from page 267: code=4: pixmap must be grayscale or rgb to write as png
2025-10-24 14:34:59,180 - app.utils.logger - WARNING - Error extracting image from page 268: code=4: pixmap must be grayscale or rgb to write as png
2025-10-24 14:34:59,180 - app.utils.logger - WARNING - Error extracting image from page 269: code=4: pixmap must be grayscale or rgb to write as png
2025-10-24 14:34:59,181 - app.utils.logger - WARNING - Error extracting image from page 270: code=4: pixmap must be grayscale or rgb to write as png
2025-10-24 14:34:59,182 - app.utils.logger - WARNING - Error extracting image from page 271: code=4: pixmap must be grayscale or rgb to write as png
2025-10-24 14:34:59,183 - app.utils.logger - WARNING - Error extracting image from page 272: code=4: pixmap must be grayscale or rgb to write as png
2025-10-24 14:34:59,183 - app.utils.logger - WARNING - Error extracting image from page 273: code=4: pixmap must be grayscale or rgb to write as png
2025-10-24 14:34:59,184 - app.utils.logger - WARNING - Error extracting image from page 274: code=4: pixmap must be grayscale or rgb to write as png
2025-10-24 14:34:59,184 - app.utils.logger - WARNING - Error extracting image from page 275: code=4: pixmap must be grayscale or rgb to write as png
2025-10-24 14:34:59,185 - app.utils.logger - WARNING - Error extracting image from page 276: code=4: pixmap must be grayscale or rgb to write as png
2025-10-24 14:34:59,185 - app.utils.logger - WARNING - Error extracting image from page 277: code=4: pixmap must be grayscale or rgb to write as png
2025-10-24 14:34:59,186 - app.utils.logger - WARNING - Error extracting image from page 278: code=4: pixmap must be grayscale or rgb to write as png
2025-10-24 14:34:59,187 - app.utils.logger - WARNING - Error extracting image from page 279: code=4: pixmap must be grayscale or rgb to write as png
2025-10-24 14:34:59,187 - app.utils.logger - WARNING - Error extracting image from page 280: code=4: pixmap must be grayscale or rgb to write as png
2025-10-24 14:34:59,187 - app.utils.logger - WARNING - Error extracting image from page 281: code=4: pixmap must be grayscale or rgb to write as png
2025-10-24 14:34:59,188 - app.utils.logger - WARNING - Error extracting image from page 282: code=4: pixmap must be grayscale or rgb to write as png
2025-10-24 14:34:59,188 - app.utils.logger - WARNING - Error extracting image from page 283: code=4: pixmap must be grayscale or rgb to write as png
2025-10-24 14:34:59,188 - app.utils.logger - WARNING - Error extracting image from page 284: code=4: pixmap must be grayscale or rgb to write as png
2025-10-24 14:34:59,189 - app.utils.logger - WARNING - Error extracting image from page 285: code=4: pixmap must be grayscale or rgb to write as png
2025-10-24 14:34:59,189 - app.utils.logger - WARNING - Error extracting image from page 286: code=4: pixmap must be grayscale or rgb to write as png
2025-10-24 14:34:59,190 - app.utils.logger - WARNING - Error extracting image from page 287: code=4: pixmap must be grayscale or rgb to write as png
2025-10-24 14:34:59,191 - app.utils.logger - WARNING - Error extracting image from page 288: code=4: pixmap must be grayscale or rgb to write as png
2025-10-24 14:34:59,191 - app.utils.logger - WARNING - Error extracting image from page 289: code=4: pixmap must be grayscale or rgb to write as png
2025-10-24 14:34:59,192 - app.utils.logger - WARNING - Error extracting image from page 290: code=4: pixmap must be grayscale or rgb to write as png
2025-10-24 14:34:59,192 - app.utils.logger - WARNING - Error extracting image from page 291: code=4: pixmap must be grayscale or rgb to write as png
2025-10-24 14:34:59,193 - app.utils.logger - WARNING - Error extracting image from page 292: code=4: pixmap must be grayscale or rgb to write as png
2025-10-24 14:34:59,193 - app.utils.logger - WARNING - Error extracting image from page 293: code=4: pixmap must be grayscale or rgb to write as png
2025-10-24 14:34:59,194 - app.utils.logger - WARNING - Error extracting image from page 294: code=4: pixmap must be grayscale or rgb to write as png
2025-10-24 14:34:59,195 - app.utils.logger - WARNING - Error extracting image from page 295: code=4: pixmap must be grayscale or rgb to write as png
2025-10-24 14:34:59,195 - app.utils.logger - WARNING - Error extracting image from page 296: code=4: pixmap must be grayscale or rgb to write as png
2025-10-24 14:34:59,196 - app.utils.logger - WARNING - Error extracting image from page 297: code=4: pixmap must be grayscale or rgb to write as png
2025-10-24 14:34:59,196 - app.utils.logger - WARNING - Error extracting image from page 298: code=4: pixmap must be grayscale or rgb to write as png
2025-10-24 14:34:59,198 - app.utils.logger - WARNING - Error extracting image from page 299: code=4: pixmap must be grayscale or rgb to write as png
2025-10-24 14:34:59,198 - app.utils.logger - WARNING - Error extracting image from page 300: code=4: pixmap must be grayscale or rgb to write as png
2025-10-24 14:34:59,199 - app.utils.logger - WARNING - Error extracting image from page 301: code=4: pixmap must be grayscale or rgb to write as png
2025-10-24 14:34:59,199 - app.utils.logger - WARNING - Error extracting image from page 302: code=4: pixmap must be grayscale or rgb to write as png
2025-10-24 14:34:59,200 - app.utils.logger - WARNING - Error extracting image from page 303: code=4: pixmap must be grayscale or rgb to write as png
2025-10-24 14:34:59,200 - app.utils.logger - WARNING - Error extracting image from page 304: code=4: pixmap must be grayscale or rgb to write as png
2025-10-24 14:34:59,201 - app.utils.logger - WARNING - Error extracting image from page 305: code=4: pixmap must be grayscale or rgb to write as png
2025-10-24 14:34:59,201 - app.utils.logger - WARNING - Error extracting image from page 306: code=4: pixmap must be grayscale or rgb to write as png
2025-10-24 14:34:59,202 - app.utils.logger - WARNING - Error extracting image from page 307: code=4: pixmap must be grayscale or rgb to write as png
2025-10-24 14:34:59,202 - app.utils.logger - WARNING - Error extracting image from page 308: code=4: pixmap must be grayscale or rgb to write as png
2025-10-24 14:34:59,203 - app.utils.logger - WARNING - Error extracting image from page 309: code=4: pixmap must be grayscale or rgb to write as png
2025-10-24 14:34:59,203 - app.utils.logger - WARNING - Error extracting image from page 310: code=4: pixmap must be grayscale or rgb to write as png
2025-10-24 14:34:59,204 - app.utils.logger - WARNING - Error extracting image from page 311: code=4: pixmap must be grayscale or rgb to write as png
2025-10-24 14:34:59,204 - app.utils.logger - WARNING - Error extracting image from page 312: code=4: pixmap must be grayscale or rgb to write as png
2025-10-24 14:34:59,205 - app.utils.logger - WARNING - Error extracting image from page 313: code=4: pixmap must be grayscale or rgb to write as png
2025-10-24 14:34:59,205 - app.utils.logger - WARNING - Error extracting image from page 314: code=4: pixmap must be grayscale or rgb to write as png
2025-10-24 14:34:59,205 - app.utils.logger - WARNING - Error extracting image from page 315: code=4: pixmap must be grayscale or rgb to write as png
2025-10-24 14:34:59,206 - app.utils.logger - WARNING - Error extracting image from page 316: code=4: pixmap must be grayscale or rgb to write as png
2025-10-24 14:34:59,207 - app.utils.logger - WARNING - Error extracting image from page 317: code=4: pixmap must be grayscale or rgb to write as png
2025-10-24 14:34:59,207 - app.utils.logger - WARNING - Error extracting image from page 318: code=4: pixmap must be grayscale or rgb to write as png
2025-10-24 14:34:59,208 - app.utils.logger - WARNING - Error extracting image from page 319: code=4: pixmap must be grayscale or rgb to write as png
2025-10-24 14:34:59,208 - app.utils.logger - WARNING - Error extracting image from page 320: code=4: pixmap must be grayscale or rgb to write as png
2025-10-24 14:34:59,209 - app.utils.logger - WARNING - Error extracting image from page 321: code=4: pixmap must be grayscale or rgb to write as png
2025-10-24 14:34:59,209 - app.utils.logger - WARNING - Error extracting image from page 322: code=4: pixmap must be grayscale or rgb to write as png
2025-10-24 14:34:59,210 - app.utils.logger - WARNING - Error extracting image from page 323: code=4: pixmap must be grayscale or rgb to write as png
2025-10-24 14:34:59,211 - app.utils.logger - WARNING - Error extracting image from page 324: code=4: pixmap must be grayscale or rgb to write as png
2025-10-24 14:34:59,211 - app.utils.logger - WARNING - Error extracting image from page 325: code=4: pixmap must be grayscale or rgb to write as png
2025-10-24 14:34:59,212 - app.utils.logger - WARNING - Error extracting image from page 326: code=4: pixmap must be grayscale or rgb to write as png
2025-10-24 14:34:59,214 - app.utils.logger - WARNING - Error extracting image from page 327: code=4: pixmap must be grayscale or rgb to write as png
2025-10-24 14:34:59,215 - app.utils.logger - WARNING - Error extracting image from page 328: code=4: pixmap must be grayscale or rgb to write as png
2025-10-24 14:34:59,215 - app.utils.logger - WARNING - Error extracting image from page 329: code=4: pixmap must be grayscale or rgb to write as png
2025-10-24 14:34:59,216 - app.utils.logger - WARNING - Error extracting image from page 330: code=4: pixmap must be grayscale or rgb to write as png
2025-10-24 14:34:59,216 - app.utils.logger - WARNING - Error extracting image from page 331: code=4: pixmap must be grayscale or rgb to write as png
2025-10-24 14:34:59,217 - app.utils.logger - WARNING - Error extracting image from page 332: code=4: pixmap must be grayscale or rgb to write as png
2025-10-24 14:34:59,217 - app.utils.logger - WARNING - Error extracting image from page 333: code=4: pixmap must be grayscale or rgb to write as png
2025-10-24 14:34:59,218 - app.utils.logger - WARNING - Error extracting image from page 334: code=4: pixmap must be grayscale or rgb to write as png
2025-10-24 14:34:59,218 - app.utils.logger - WARNING - Error extracting image from page 335: code=4: pixmap must be grayscale or rgb to write as png
2025-10-24 14:34:59,218 - app.utils.logger - WARNING - Error extracting image from page 336: code=4: pixmap must be grayscale or rgb to write as png
2025-10-24 14:34:59,219 - app.utils.logger - WARNING - Error extracting image from page 337: code=4: pixmap must be grayscale or rgb to write as png
2025-10-24 14:34:59,219 - app.utils.logger - WARNING - Error extracting image from page 338: code=4: pixmap must be grayscale or rgb to write as png
2025-10-24 14:34:59,219 - app.utils.logger - WARNING - Error extracting image from page 339: code=4: pixmap must be grayscale or rgb to write as png
2025-10-24 14:34:59,220 - app.utils.logger - WARNING - Error extracting image from page 340: code=4: pixmap must be grayscale or rgb to write as png
2025-10-24 14:34:59,220 - app.utils.logger - WARNING - Error extracting image from page 341: code=4: pixmap must be grayscale or rgb to write as png
2025-10-24 14:34:59,221 - app.utils.logger - WARNING - Error extracting image from page 342: code=4: pixmap must be grayscale or rgb to write as png
2025-10-24 14:34:59,221 - app.utils.logger - WARNING - Error extracting image from page 343: code=4: pixmap must be grayscale or rgb to write as png
2025-10-24 14:34:59,221 - app.utils.logger - WARNING - Error extracting image from page 344: code=4: pixmap must be grayscale or rgb to write as png
2025-10-24 14:34:59,222 - app.utils.logger - WARNING - Error extracting image from page 345: code=4: pixmap must be grayscale or rgb to write as png
2025-10-24 14:34:59,222 - app.utils.logger - WARNING - Error extracting image from page 346: code=4: pixmap must be grayscale or rgb to write as png
2025-10-24 14:34:59,223 - app.utils.logger - WARNING - Error extracting image from page 347: code=4: pixmap must be grayscale or rgb to write as png
2025-10-24 14:34:59,224 - app.utils.logger - WARNING - Error extracting image from page 348: code=4: pixmap must be grayscale or rgb to write as png
2025-10-24 14:34:59,224 - app.utils.logger - WARNING - Error extracting image from page 349: code=4: pixmap must be grayscale or rgb to write as png
2025-10-24 14:34:59,225 - app.utils.logger - WARNING - Error extracting image from page 350: code=4: pixmap must be grayscale or rgb to write as png
2025-10-24 14:34:59,226 - app.utils.logger - WARNING - Error extracting image from page 351: code=4: pixmap must be grayscale or rgb to write as png
2025-10-24 14:34:59,226 - app.utils.logger - WARNING - Error extracting image from page 352: code=4: pixmap must be grayscale or rgb to write as png
2025-10-24 14:34:59,227 - app.utils.logger - WARNING - Error extracting image from page 353: code=4: pixmap must be grayscale or rgb to write as png
2025-10-24 14:34:59,228 - app.utils.logger - WARNING - Error extracting image from page 354: code=4: pixmap must be grayscale or rgb to write as png
2025-10-24 14:34:59,229 - app.utils.logger - WARNING - Error extracting image from page 355: code=4: pixmap must be grayscale or rgb to write as png
2025-10-24 14:34:59,230 - app.utils.logger - WARNING - Error extracting image from page 356: code=4: pixmap must be grayscale or rgb to write as png
2025-10-24 14:34:59,231 - app.utils.logger - WARNING - Error extracting image from page 357: code=4: pixmap must be grayscale or rgb to write as png
2025-10-24 14:34:59,231 - app.utils.logger - WARNING - Error extracting image from page 358: code=4: pixmap must be grayscale or rgb to write as png
2025-10-24 14:34:59,232 - app.utils.logger - WARNING - Error extracting image from page 359: code=4: pixmap must be grayscale or rgb to write as png
2025-10-24 14:34:59,232 - app.utils.logger - WARNING - Error extracting image from page 360: code=4: pixmap must be grayscale or rgb to write as png
2025-10-24 14:34:59,232 - app.utils.logger - WARNING - Error extracting image from page 361: code=4: pixmap must be grayscale or rgb to write as png
2025-10-24 14:34:59,233 - app.utils.logger - WARNING - Error extracting image from page 362: code=4: pixmap must be grayscale or rgb to write as png
2025-10-24 14:34:59,234 - app.utils.logger - WARNING - Error extracting image from page 363: code=4: pixmap must be grayscale or rgb to write as png
2025-10-24 14:34:59,234 - app.utils.logger - WARNING - Error extracting image from page 364: code=4: pixmap must be grayscale or rgb to write as png
2025-10-24 14:34:59,234 - app.utils.logger - WARNING - Error extracting image from page 365: code=4: pixmap must be grayscale or rgb to write as png
2025-10-24 14:34:59,235 - app.utils.logger - WARNING - Error extracting image from page 366: code=4: pixmap must be grayscale or rgb to write as png
2025-10-24 14:34:59,235 - app.utils.logger - WARNING - Error extracting image from page 367: code=4: pixmap must be grayscale or rgb to write as png
2025-10-24 14:34:59,236 - app.utils.logger - WARNING - Error extracting image from page 368: code=4: pixmap must be grayscale or rgb to write as png
2025-10-24 14:34:59,236 - app.utils.logger - WARNING - Error extracting image from page 369: code=4: pixmap must be grayscale or rgb to write as png
2025-10-24 14:34:59,236 - app.utils.logger - WARNING - Error extracting image from page 370: code=4: pixmap must be grayscale or rgb to write as png
2025-10-24 14:34:59,237 - app.utils.logger - WARNING - Error extracting image from page 371: code=4: pixmap must be grayscale or rgb to write as png
2025-10-24 14:34:59,237 - app.utils.logger - WARNING - Error extracting image from page 372: code=4: pixmap must be grayscale or rgb to write as png
2025-10-24 14:34:59,238 - app.utils.logger - WARNING - Error extracting image from page 373: code=4: pixmap must be grayscale or rgb to write as png
2025-10-24 14:34:59,238 - app.utils.logger - WARNING - Error extracting image from page 374: code=4: pixmap must be grayscale or rgb to write as png
2025-10-24 14:34:59,239 - app.utils.logger - WARNING - Error extracting image from page 375: code=4: pixmap must be grayscale or rgb to write as png
2025-10-24 14:34:59,240 - app.utils.logger - WARNING - Error extracting image from page 376: code=4: pixmap must be grayscale or rgb to write as png
2025-10-24 14:34:59,240 - app.utils.logger - WARNING - Error extracting image from page 377: code=4: pixmap must be grayscale or rgb to write as png
2025-10-24 14:34:59,241 - app.utils.logger - WARNING - Error extracting image from page 378: code=4: pixmap must be grayscale or rgb to write as png
2025-10-24 14:34:59,242 - app.utils.logger - WARNING - Error extracting image from page 379: code=4: pixmap must be grayscale or rgb to write as png
2025-10-24 14:34:59,242 - app.utils.logger - WARNING - Error extracting image from page 380: code=4: pixmap must be grayscale or rgb to write as png
2025-10-24 14:34:59,242 - app.utils.logger - WARNING - Error extracting image from page 381: code=4: pixmap must be grayscale or rgb to write as png
2025-10-24 14:34:59,243 - app.utils.logger - WARNING - Error extracting image from page 382: code=4: pixmap must be grayscale or rgb to write as png
2025-10-24 14:34:59,244 - app.utils.logger - WARNING - Error extracting image from page 383: code=4: pixmap must be grayscale or rgb to write as png
2025-10-24 14:34:59,245 - app.utils.logger - WARNING - Error extracting image from page 384: code=4: pixmap must be grayscale or rgb to write as png
2025-10-24 14:34:59,246 - app.utils.logger - WARNING - Error extracting image from page 385: code=4: pixmap must be grayscale or rgb to write as png
2025-10-24 14:34:59,247 - app.utils.logger - WARNING - Error extracting image from page 386: code=4: pixmap must be grayscale or rgb to write as png
2025-10-24 14:34:59,247 - app.utils.logger - WARNING - Error extracting image from page 387: code=4: pixmap must be grayscale or rgb to write as png
2025-10-24 14:34:59,248 - app.utils.logger - WARNING - Error extracting image from page 388: code=4: pixmap must be grayscale or rgb to write as png
2025-10-24 14:34:59,249 - app.utils.logger - WARNING - Error extracting image from page 389: code=4: pixmap must be grayscale or rgb to write as png
2025-10-24 14:34:59,249 - app.utils.logger - WARNING - Error extracting image from page 390: code=4: pixmap must be grayscale or rgb to write as png
2025-10-24 14:34:59,250 - app.utils.logger - WARNING - Error extracting image from page 391: code=4: pixmap must be grayscale or rgb to write as png
2025-10-24 14:34:59,251 - app.utils.logger - WARNING - Error extracting image from page 392: code=4: pixmap must be grayscale or rgb to write as png
2025-10-24 14:34:59,252 - app.utils.logger - WARNING - Error extracting image from page 393: code=4: pixmap must be grayscale or rgb to write as png
2025-10-24 14:34:59,252 - app.utils.logger - WARNING - Error extracting image from page 394: code=4: pixmap must be grayscale or rgb to write as png
2025-10-24 14:34:59,253 - app.utils.logger - WARNING - Error extracting image from page 395: code=4: pixmap must be grayscale or rgb to write as png
2025-10-24 14:34:59,254 - app.utils.logger - WARNING - Error extracting image from page 396: code=4: pixmap must be grayscale or rgb to write as png
2025-10-24 14:34:59,255 - app.utils.logger - WARNING - Error extracting image from page 397: code=4: pixmap must be grayscale or rgb to write as png
2025-10-24 14:34:59,255 - app.utils.logger - WARNING - Error extracting image from page 398: code=4: pixmap must be grayscale or rgb to write as png
2025-10-24 14:34:59,256 - app.utils.logger - WARNING - Error extracting image from page 399: code=4: pixmap must be grayscale or rgb to write as png
2025-10-24 14:34:59,256 - app.utils.logger - WARNING - Error extracting image from page 400: code=4: pixmap must be grayscale or rgb to write as png
2025-10-24 14:34:59,257 - app.utils.logger - WARNING - Error extracting image from page 401: code=4: pixmap must be grayscale or rgb to write as png
2025-10-24 14:34:59,258 - app.utils.logger - WARNING - Error extracting image from page 402: code=4: pixmap must be grayscale or rgb to write as png
2025-10-24 14:34:59,258 - app.utils.logger - WARNING - Error extracting image from page 403: code=4: pixmap must be grayscale or rgb to write as png
2025-10-24 14:34:59,259 - app.utils.logger - WARNING - Error extracting image from page 404: code=4: pixmap must be grayscale or rgb to write as png
2025-10-24 14:34:59,260 - app.utils.logger - WARNING - Error extracting image from page 405: code=4: pixmap must be grayscale or rgb to write as png
2025-10-24 14:34:59,261 - app.utils.logger - WARNING - Error extracting image from page 406: code=4: pixmap must be grayscale or rgb to write as png
2025-10-24 14:34:59,261 - app.utils.logger - WARNING - Error extracting image from page 407: code=4: pixmap must be grayscale or rgb to write as png
2025-10-24 14:34:59,262 - app.utils.logger - WARNING - Error extracting image from page 408: code=4: pixmap must be grayscale or rgb to write as png
2025-10-24 14:34:59,263 - app.utils.logger - WARNING - Error extracting image from page 409: code=4: pixmap must be grayscale or rgb to write as png
2025-10-24 14:34:59,263 - app.utils.logger - WARNING - Error extracting image from page 410: code=4: pixmap must be grayscale or rgb to write as png
2025-10-24 14:34:59,264 - app.utils.logger - WARNING - Error extracting image from page 411: code=4: pixmap must be grayscale or rgb to write as png
2025-10-24 14:34:59,265 - app.utils.logger - WARNING - Error extracting image from page 412: code=4: pixmap must be grayscale or rgb to write as png
2025-10-24 14:34:59,265 - app.utils.logger - WARNING - Error extracting image from page 413: code=4: pixmap must be grayscale or rgb to write as png
2025-10-24 14:34:59,266 - app.utils.logger - WARNING - Error extracting image from page 414: code=4: pixmap must be grayscale or rgb to write as png
2025-10-24 14:34:59,266 - app.utils.logger - WARNING - Error extracting image from page 415: code=4: pixmap must be grayscale or rgb to write as png
2025-10-24 14:34:59,267 - app.utils.logger - WARNING - Error extracting image from page 416: code=4: pixmap must be grayscale or rgb to write as png
2025-10-24 14:34:59,267 - app.utils.logger - WARNING - Error extracting image from page 417: code=4: pixmap must be grayscale or rgb to write as png
2025-10-24 14:34:59,268 - app.utils.logger - WARNING - Error extracting image from page 418: code=4: pixmap must be grayscale or rgb to write as png
2025-10-24 14:34:59,268 - app.utils.logger - WARNING - Error extracting image from page 419: code=4: pixmap must be grayscale or rgb to write as png
2025-10-24 14:34:59,268 - app.utils.logger - WARNING - Error extracting image from page 420: code=4: pixmap must be grayscale or rgb to write as png
2025-10-24 14:34:59,269 - app.utils.logger - WARNING - Error extracting image from page 421: code=4: pixmap must be grayscale or rgb to write as png
2025-10-24 14:34:59,269 - app.utils.logger - WARNING - Error extracting image from page 422: code=4: pixmap must be grayscale or rgb to write as png
2025-10-24 14:34:59,269 - app.utils.logger - WARNING - Error extracting image from page 423: code=4: pixmap must be grayscale or rgb to write as png
2025-10-24 14:34:59,270 - app.utils.logger - WARNING - Error extracting image from page 424: code=4: pixmap must be grayscale or rgb to write as png
2025-10-24 14:34:59,271 - app.utils.logger - WARNING - Error extracting image from page 425: code=4: pixmap must be grayscale or rgb to write as png
2025-10-24 14:34:59,271 - app.utils.logger - WARNING - Error extracting image from page 426: code=4: pixmap must be grayscale or rgb to write as png
2025-10-24 14:34:59,272 - app.utils.logger - WARNING - Error extracting image from page 427: code=4: pixmap must be grayscale or rgb to write as png
2025-10-24 14:34:59,272 - app.utils.logger - WARNING - Error extracting image from page 428: code=4: pixmap must be grayscale or rgb to write as png
2025-10-24 14:34:59,273 - app.utils.logger - WARNING - Error extracting image from page 429: code=4: pixmap must be grayscale or rgb to write as png
2025-10-24 14:34:59,273 - app.utils.logger - WARNING - Error extracting image from page 430: code=4: pixmap must be grayscale or rgb to write as png
2025-10-24 14:34:59,274 - app.utils.logger - WARNING - Error extracting image from page 431: code=4: pixmap must be grayscale or rgb to write as png
2025-10-24 14:34:59,275 - app.utils.logger - WARNING - Error extracting image from page 432: code=4: pixmap must be grayscale or rgb to write as png
2025-10-24 14:34:59,275 - app.utils.logger - WARNING - Error extracting image from page 433: code=4: pixmap must be grayscale or rgb to write as png
2025-10-24 14:34:59,276 - app.utils.logger - WARNING - Error extracting image from page 434: code=4: pixmap must be grayscale or rgb to write as png
2025-10-24 14:34:59,277 - app.utils.logger - WARNING - Error extracting image from page 435: code=4: pixmap must be grayscale or rgb to write as png
2025-10-24 14:34:59,278 - app.utils.logger - WARNING - Error extracting image from page 436: code=4: pixmap must be grayscale or rgb to write as png
2025-10-24 14:34:59,278 - app.utils.logger - WARNING - Error extracting image from page 437: code=4: pixmap must be grayscale or rgb to write as png
2025-10-24 14:34:59,279 - app.utils.logger - WARNING - Error extracting image from page 438: code=4: pixmap must be grayscale or rgb to write as png
2025-10-24 14:34:59,279 - app.utils.logger - WARNING - Error extracting image from page 439: code=4: pixmap must be grayscale or rgb to write as png
2025-10-24 14:34:59,280 - app.utils.logger - WARNING - Error extracting image from page 440: code=4: pixmap must be grayscale or rgb to write as png
2025-10-24 14:34:59,281 - app.utils.logger - WARNING - Error extracting image from page 441: code=4: pixmap must be grayscale or rgb to write as png
2025-10-24 14:34:59,281 - app.utils.logger - WARNING - Error extracting image from page 442: code=4: pixmap must be grayscale or rgb to write as png
2025-10-24 14:34:59,282 - app.utils.logger - WARNING - Error extracting image from page 443: code=4: pixmap must be grayscale or rgb to write as png
2025-10-24 14:34:59,282 - app.utils.logger - WARNING - Error extracting image from page 444: code=4: pixmap must be grayscale or rgb to write as png
2025-10-24 14:34:59,283 - app.utils.logger - WARNING - Error extracting image from page 445: code=4: pixmap must be grayscale or rgb to write as png
2025-10-24 14:34:59,283 - app.utils.logger - WARNING - Error extracting image from page 446: code=4: pixmap must be grayscale or rgb to write as png
2025-10-24 14:34:59,284 - app.utils.logger - WARNING - Error extracting image from page 447: code=4: pixmap must be grayscale or rgb to write as png
2025-10-24 14:34:59,284 - app.utils.logger - WARNING - Error extracting image from page 448: code=4: pixmap must be grayscale or rgb to write as png
2025-10-24 14:34:59,284 - app.utils.logger - WARNING - Error extracting image from page 449: code=4: pixmap must be grayscale or rgb to write as png
2025-10-24 14:34:59,285 - app.utils.logger - WARNING - Error extracting image from page 450: code=4: pixmap must be grayscale or rgb to write as png
2025-10-24 14:34:59,285 - app.utils.logger - WARNING - Error extracting image from page 451: code=4: pixmap must be grayscale or rgb to write as png
2025-10-24 14:34:59,286 - app.utils.logger - WARNING - Error extracting image from page 452: code=4: pixmap must be grayscale or rgb to write as png
2025-10-24 14:34:59,286 - app.utils.logger - WARNING - Error extracting image from page 453: code=4: pixmap must be grayscale or rgb to write as png
2025-10-24 14:34:59,287 - app.utils.logger - WARNING - Error extracting image from page 454: code=4: pixmap must be grayscale or rgb to write as png
2025-10-24 14:34:59,287 - app.utils.logger - WARNING - Error extracting image from page 455: code=4: pixmap must be grayscale or rgb to write as png
2025-10-24 14:34:59,288 - app.utils.logger - WARNING - Error extracting image from page 456: code=4: pixmap must be grayscale or rgb to write as png
2025-10-24 14:34:59,288 - app.utils.logger - WARNING - Error extracting image from page 457: code=4: pixmap must be grayscale or rgb to write as png
2025-10-24 14:34:59,288 - app.utils.logger - WARNING - Error extracting image from page 458: code=4: pixmap must be grayscale or rgb to write as png
2025-10-24 14:34:59,289 - app.utils.logger - WARNING - Error extracting image from page 459: code=4: pixmap must be grayscale or rgb to write as png
2025-10-24 14:34:59,289 - app.utils.logger - WARNING - Error extracting image from page 460: code=4: pixmap must be grayscale or rgb to write as png
2025-10-24 14:34:59,290 - app.utils.logger - WARNING - Error extracting image from page 461: code=4: pixmap must be grayscale or rgb to write as png
2025-10-24 14:34:59,291 - app.utils.logger - WARNING - Error extracting image from page 462: code=4: pixmap must be grayscale or rgb to write as png
2025-10-24 14:34:59,291 - app.utils.logger - WARNING - Error extracting image from page 463: code=4: pixmap must be grayscale or rgb to write as png
2025-10-24 14:34:59,292 - app.utils.logger - WARNING - Error extracting image from page 464: code=4: pixmap must be grayscale or rgb to write as png
2025-10-24 14:34:59,292 - app.utils.logger - WARNING - Error extracting image from page 465: code=4: pixmap must be grayscale or rgb to write as png
2025-10-24 14:34:59,293 - app.utils.logger - WARNING - Error extracting image from page 466: code=4: pixmap must be grayscale or rgb to write as png
2025-10-24 14:34:59,294 - app.utils.logger - WARNING - Error extracting image from page 467: code=4: pixmap must be grayscale or rgb to write as png
2025-10-24 14:34:59,294 - app.utils.logger - WARNING - Error extracting image from page 468: code=4: pixmap must be grayscale or rgb to write as png
2025-10-24 14:34:59,295 - app.utils.logger - WARNING - Error extracting image from page 469: code=4: pixmap must be grayscale or rgb to write as png
2025-10-24 14:34:59,296 - app.utils.logger - WARNING - Error extracting image from page 470: code=4: pixmap must be grayscale or rgb to write as png
2025-10-24 14:34:59,297 - app.utils.logger - WARNING - Error extracting image from page 471: code=4: pixmap must be grayscale or rgb to write as png
2025-10-24 14:34:59,298 - app.utils.logger - WARNING - Error extracting image from page 472: code=4: pixmap must be grayscale or rgb to write as png
2025-10-24 14:34:59,298 - app.utils.logger - WARNING - Error extracting image from page 473: code=4: pixmap must be grayscale or rgb to write as png
2025-10-24 14:34:59,303 - app.utils.logger - WARNING - Error extracting image from page 475: code=4: pixmap must be grayscale or rgb to write as png
2025-10-24 14:34:59,305 - app.utils.logger - WARNING - Error extracting image from page 477: code=4: pixmap must be grayscale or rgb to write as png
2025-10-24 14:34:59,306 - app.utils.logger - WARNING - Error extracting image from page 478: code=4: pixmap must be grayscale or rgb to write as png
2025-10-24 14:34:59,307 - app.utils.logger - WARNING - Error extracting image from page 479: code=4: pixmap must be grayscale or rgb to write as png
2025-10-24 14:34:59,307 - app.utils.logger - WARNING - Error extracting image from page 480: code=4: pixmap must be grayscale or rgb to write as png
2025-10-24 14:34:59,308 - app.utils.logger - WARNING - Error extracting image from page 481: code=4: pixmap must be grayscale or rgb to write as png
2025-10-24 14:34:59,308 - app.utils.logger - WARNING - Error extracting image from page 482: code=4: pixmap must be grayscale or rgb to write as png
2025-10-24 14:34:59,309 - app.utils.logger - WARNING - Error extracting image from page 483: code=4: pixmap must be grayscale or rgb to write as png
2025-10-24 14:34:59,315 - app.utils.logger - WARNING - Error extracting image from page 485: code=4: pixmap must be grayscale or rgb to write as png
2025-10-24 14:34:59,322 - app.utils.logger - WARNING - Error extracting image from page 487: code=4: pixmap must be grayscale or rgb to write as png
2025-10-24 14:34:59,323 - app.utils.logger - WARNING - Error extracting image from page 488: code=4: pixmap must be grayscale or rgb to write as png
2025-10-24 14:34:59,324 - app.utils.logger - WARNING - Error extracting image from page 489: code=4: pixmap must be grayscale or rgb to write as png
2025-10-24 14:34:59,325 - app.utils.logger - WARNING - Error extracting image from page 490: code=4: pixmap must be grayscale or rgb to write as png
2025-10-24 14:34:59,325 - app.utils.logger - WARNING - Error extracting image from page 491: code=4: pixmap must be grayscale or rgb to write as png
2025-10-24 14:34:59,326 - app.utils.logger - WARNING - Error extracting image from page 492: code=4: pixmap must be grayscale or rgb to write as png
2025-10-24 14:34:59,327 - app.utils.logger - WARNING - Error extracting image from page 493: code=4: pixmap must be grayscale or rgb to write as png
2025-10-24 14:34:59,328 - app.utils.logger - WARNING - Error extracting image from page 494: code=4: pixmap must be grayscale or rgb to write as png
2025-10-24 14:34:59,329 - app.utils.logger - WARNING - Error extracting image from page 495: code=4: pixmap must be grayscale or rgb to write as png
2025-10-24 14:34:59,329 - app.utils.logger - WARNING - Error extracting image from page 496: code=4: pixmap must be grayscale or rgb to write as png
2025-10-24 14:34:59,330 - app.utils.logger - WARNING - Error extracting image from page 497: code=4: pixmap must be grayscale or rgb to write as png
2025-10-24 14:34:59,331 - app.utils.logger - WARNING - Error extracting image from page 498: code=4: pixmap must be grayscale or rgb to write as png
2025-10-24 14:34:59,332 - app.utils.logger - WARNING - Error extracting image from page 499: code=4: pixmap must be grayscale or rgb to write as png
2025-10-24 14:34:59,345 - app.utils.logger - WARNING - Error extracting image from page 500: code=4: pixmap must be grayscale or rgb to write as png
2025-10-24 14:34:59,352 - app.utils.logger - WARNING - Error extracting image from page 501: code=4: pixmap must be grayscale or rgb to write as png
2025-10-24 14:34:59,353 - app.utils.logger - WARNING - Error extracting image from page 502: code=4: pixmap must be grayscale or rgb to write as png
2025-10-24 14:34:59,353 - app.utils.logger - WARNING - Error extracting image from page 503: code=4: pixmap must be grayscale or rgb to write as png
2025-10-24 14:34:59,354 - app.utils.logger - WARNING - Error extracting image from page 504: code=4: pixmap must be grayscale or rgb to write as png
2025-10-24 14:34:59,354 - app.utils.logger - WARNING - Error extracting image from page 505: code=4: pixmap must be grayscale or rgb to write as png
2025-10-24 14:34:59,355 - app.utils.logger - WARNING - Error extracting image from page 506: code=4: pixmap must be grayscale or rgb to write as png
2025-10-24 14:34:59,355 - app.utils.logger - WARNING - Error extracting image from page 507: code=4: pixmap must be grayscale or rgb to write as png
2025-10-24 14:34:59,356 - app.utils.logger - WARNING - Error extracting image from page 508: code=4: pixmap must be grayscale or rgb to write as png
2025-10-24 14:34:59,356 - app.utils.logger - WARNING - Error extracting image from page 509: code=4: pixmap must be grayscale or rgb to write as png
2025-10-24 14:34:59,357 - app.utils.logger - WARNING - Error extracting image from page 510: code=4: pixmap must be grayscale or rgb to write as png
2025-10-24 14:34:59,358 - app.utils.logger - WARNING - Error extracting image from page 511: code=4: pixmap must be grayscale or rgb to write as png
2025-10-24 14:34:59,359 - app.utils.logger - WARNING - Error extracting image from page 512: code=4: pixmap must be grayscale or rgb to write as png
2025-10-24 14:34:59,359 - app.utils.logger - WARNING - Error extracting image from page 513: code=4: pixmap must be grayscale or rgb to write as png
2025-10-24 14:34:59,360 - app.utils.logger - WARNING - Error extracting image from page 514: code=4: pixmap must be grayscale or rgb to write as png
2025-10-24 14:34:59,360 - app.utils.logger - WARNING - Error extracting image from page 515: code=4: pixmap must be grayscale or rgb to write as png
2025-10-24 14:34:59,361 - app.utils.logger - WARNING - Error extracting image from page 516: code=4: pixmap must be grayscale or rgb to write as png
2025-10-24 14:34:59,362 - app.utils.logger - WARNING - Error extracting image from page 517: code=4: pixmap must be grayscale or rgb to write as png
2025-10-24 14:34:59,363 - app.utils.logger - WARNING - Error extracting image from page 518: code=4: pixmap must be grayscale or rgb to write as png
2025-10-24 14:34:59,364 - app.utils.logger - WARNING - Error extracting image from page 519: code=4: pixmap must be grayscale or rgb to write as png
2025-10-24 14:34:59,364 - app.utils.logger - WARNING - Error extracting image from page 520: code=4: pixmap must be grayscale or rgb to write as png
2025-10-24 14:34:59,365 - app.utils.logger - WARNING - Error extracting image from page 521: code=4: pixmap must be grayscale or rgb to write as png
2025-10-24 14:34:59,366 - app.utils.logger - WARNING - Error extracting image from page 522: code=4: pixmap must be grayscale or rgb to write as png
2025-10-24 14:34:59,366 - app.utils.logger - WARNING - Error extracting image from page 523: code=4: pixmap must be grayscale or rgb to write as png
2025-10-24 14:34:59,367 - app.utils.logger - WARNING - Error extracting image from page 524: code=4: pixmap must be grayscale or rgb to write as png
2025-10-24 14:34:59,367 - app.utils.logger - WARNING - Error extracting image from page 525: code=4: pixmap must be grayscale or rgb to write as png
2025-10-24 14:34:59,367 - app.utils.logger - WARNING - Error extracting image from page 526: code=4: pixmap must be grayscale or rgb to write as png
2025-10-24 14:34:59,368 - app.utils.logger - WARNING - Error extracting image from page 527: code=4: pixmap must be grayscale or rgb to write as png
2025-10-24 14:34:59,368 - app.utils.logger - WARNING - Error extracting image from page 528: code=4: pixmap must be grayscale or rgb to write as png
2025-10-24 14:34:59,369 - app.utils.logger - WARNING - Error extracting image from page 529: code=4: pixmap must be grayscale or rgb to write as png
2025-10-24 14:34:59,370 - app.utils.logger - WARNING - Error extracting image from page 530: code=4: pixmap must be grayscale or rgb to write as png
2025-10-24 14:34:59,370 - app.utils.logger - WARNING - Error extracting image from page 531: code=4: pixmap must be grayscale or rgb to write as png
2025-10-24 14:34:59,370 - app.utils.logger - WARNING - Error extracting image from page 532: code=4: pixmap must be grayscale or rgb to write as png
2025-10-24 14:34:59,371 - app.utils.logger - WARNING - Error extracting image from page 533: code=4: pixmap must be grayscale or rgb to write as png
2025-10-24 14:34:59,371 - app.utils.logger - WARNING - Error extracting image from page 534: code=4: pixmap must be grayscale or rgb to write as png
2025-10-24 14:34:59,372 - app.utils.logger - WARNING - Error extracting image from page 535: code=4: pixmap must be grayscale or rgb to write as png
2025-10-24 14:34:59,372 - app.utils.logger - WARNING - Error extracting image from page 536: code=4: pixmap must be grayscale or rgb to write as png
2025-10-24 14:34:59,373 - app.utils.logger - WARNING - Error extracting image from page 537: code=4: pixmap must be grayscale or rgb to write as png
2025-10-24 14:34:59,374 - app.utils.logger - WARNING - Error extracting image from page 538: code=4: pixmap must be grayscale or rgb to write as png
2025-10-24 14:34:59,375 - app.utils.logger - WARNING - Error extracting image from page 539: code=4: pixmap must be grayscale or rgb to write as png
2025-10-24 14:34:59,375 - app.utils.logger - WARNING - Error extracting image from page 540: code=4: pixmap must be grayscale or rgb to write as png
2025-10-24 14:34:59,383 - app.utils.logger - WARNING - Error extracting image from page 541: code=4: pixmap must be grayscale or rgb to write as png
2025-10-24 14:34:59,391 - app.utils.logger - WARNING - Error extracting image from page 542: code=4: pixmap must be grayscale or rgb to write as png
2025-10-24 14:34:59,392 - app.utils.logger - WARNING - Error extracting image from page 543: code=4: pixmap must be grayscale or rgb to write as png
2025-10-24 14:34:59,393 - app.utils.logger - WARNING - Error extracting image from page 544: code=4: pixmap must be grayscale or rgb to write as png
2025-10-24 14:34:59,393 - app.utils.logger - WARNING - Error extracting image from page 545: code=4: pixmap must be grayscale or rgb to write as png
2025-10-24 14:34:59,394 - app.utils.logger - WARNING - Error extracting image from page 546: code=4: pixmap must be grayscale or rgb to write as png
2025-10-24 14:34:59,395 - app.utils.logger - WARNING - Error extracting image from page 547: code=4: pixmap must be grayscale or rgb to write as png
2025-10-24 14:34:59,396 - app.utils.logger - WARNING - Error extracting image from page 548: code=4: pixmap must be grayscale or rgb to write as png
2025-10-24 14:34:59,397 - app.utils.logger - WARNING - Error extracting image from page 549: code=4: pixmap must be grayscale or rgb to write as png
2025-10-24 14:34:59,397 - app.utils.logger - WARNING - Error extracting image from page 550: code=4: pixmap must be grayscale or rgb to write as png
2025-10-24 14:34:59,398 - app.utils.logger - WARNING - Error extracting image from page 551: code=4: pixmap must be grayscale or rgb to write as png
2025-10-24 14:34:59,399 - app.utils.logger - WARNING - Error extracting image from page 552: code=4: pixmap must be grayscale or rgb to write as png
2025-10-24 14:34:59,400 - app.utils.logger - WARNING - Error extracting image from page 553: code=4: pixmap must be grayscale or rgb to write as png
2025-10-24 14:34:59,400 - app.utils.logger - WARNING - Error extracting image from page 554: code=4: pixmap must be grayscale or rgb to write as png
2025-10-24 14:34:59,401 - app.utils.logger - WARNING - Error extracting image from page 555: code=4: pixmap must be grayscale or rgb to write as png
2025-10-24 14:34:59,401 - app.utils.logger - WARNING - Error extracting image from page 556: code=4: pixmap must be grayscale or rgb to write as png
2025-10-24 14:34:59,408 - app.utils.logger - WARNING - Error extracting image from page 557: code=4: pixmap must be grayscale or rgb to write as png
2025-10-24 14:34:59,414 - app.utils.logger - WARNING - Error extracting image from page 558: code=4: pixmap must be grayscale or rgb to write as png
2025-10-24 14:34:59,415 - app.utils.logger - WARNING - Error extracting image from page 559: code=4: pixmap must be grayscale or rgb to write as png
2025-10-24 14:34:59,415 - app.utils.logger - WARNING - Error extracting image from page 560: code=4: pixmap must be grayscale or rgb to write as png
2025-10-24 14:34:59,416 - app.utils.logger - WARNING - Error extracting image from page 561: code=4: pixmap must be grayscale or rgb to write as png
2025-10-24 14:34:59,416 - app.utils.logger - WARNING - Error extracting image from page 562: code=4: pixmap must be grayscale or rgb to write as png
2025-10-24 14:34:59,417 - app.utils.logger - WARNING - Error extracting image from page 563: code=4: pixmap must be grayscale or rgb to write as png
2025-10-24 14:34:59,417 - app.utils.logger - WARNING - Error extracting image from page 564: code=4: pixmap must be grayscale or rgb to write as png
2025-10-24 14:34:59,417 - app.utils.logger - WARNING - Error extracting image from page 565: code=4: pixmap must be grayscale or rgb to write as png
2025-10-24 14:34:59,418 - app.utils.logger - WARNING - Error extracting image from page 566: code=4: pixmap must be grayscale or rgb to write as png
2025-10-24 14:34:59,419 - app.utils.logger - WARNING - Error extracting image from page 567: code=4: pixmap must be grayscale or rgb to write as png
2025-10-24 14:34:59,419 - app.utils.logger - WARNING - Error extracting image from page 568: code=4: pixmap must be grayscale or rgb to write as png
2025-10-24 14:34:59,421 - app.utils.logger - WARNING - Error extracting image from page 569: code=4: pixmap must be grayscale or rgb to write as png
2025-10-24 14:34:59,422 - app.utils.logger - WARNING - Error extracting image from page 570: code=4: pixmap must be grayscale or rgb to write as png
2025-10-24 14:34:59,427 - app.utils.logger - WARNING - Error extracting image from page 571: code=4: pixmap must be grayscale or rgb to write as png
2025-10-24 14:34:59,434 - app.utils.logger - WARNING - Error extracting image from page 572: code=4: pixmap must be grayscale or rgb to write as png
2025-10-24 14:34:59,435 - app.utils.logger - WARNING - Error extracting image from page 573: code=4: pixmap must be grayscale or rgb to write as png
2025-10-24 14:34:59,436 - app.utils.logger - WARNING - Error extracting image from page 574: code=4: pixmap must be grayscale or rgb to write as png
2025-10-24 14:34:59,436 - app.utils.logger - WARNING - Error extracting image from page 575: code=4: pixmap must be grayscale or rgb to write as png
2025-10-24 14:34:59,437 - app.utils.logger - WARNING - Error extracting image from page 576: code=4: pixmap must be grayscale or rgb to write as png
2025-10-24 14:34:59,437 - app.utils.logger - WARNING - Error extracting image from page 577: code=4: pixmap must be grayscale or rgb to write as png
2025-10-24 14:34:59,438 - app.utils.logger - WARNING - Error extracting image from page 578: code=4: pixmap must be grayscale or rgb to write as png
2025-10-24 14:34:59,861 - app.utils.logger - INFO - Extracted 142277 parts from FP_Caterpillar
